<?xml version="1.0" encoding="UTF-8"?>
<testsuite xmlns:xsi="http://www.w3.org/2001/XMLSchema-instance" xsi:noNamespaceSchemaLocation="https://maven.apache.org/surefire/maven-surefire-plugin/xsd/surefire-test-report.xsd" name="com.mycompany.app.AppTest" time="0.106" tests="13" errors="0" skipped="0" failures="0">
  <properties>
[...]
</properties>
  <testcase name="roundTax_ImportedBoxChocolates_ReturnsFiftyCents" classname="com.mycompany.app.AppTest" time="0.007"/>
  <testcase name="shouldAnswerWithTrue" classname="com.mycompany.app.AppTest" time="0"/>
  <testcase name="round_EightyFiveCents_ReturnsEightyFiveCents" classname="com.mycompany.app.AppTest" time="0.001"/>
  <testcase name="round_ZeroCents_ReturnsZeroCents" classname="com.mycompany.app.AppTest" time="0"/>
  <testcase name="roundTax_ImportedBottlePerfume_ReturnsFourDollarsTwentyCents" classname="com.mycompany.app.AppTest" time="0"/>
  <testcase name="roundTax_ImportedPerfume_ReturnsSevenDollarsFifteenCents" classname="com.mycompany.app.AppTest" time="0"/>
  <testcase name="roundTax_ChocolateBar_ReturnsZero" classname="com.mycompany.app.AppTest" time="0"/>
  <testcase name="round_HalfCent_ReturnsOneCent" classname="com.mycompany.app.AppTest" time="0"/>
  <testcase name="roundTax_PacketHeadachePills_ReturnsZero" classname="com.mycompany.app.AppTest" time="0"/>
  <testcase name="roundTax_MusicCD_ReturnsOneDollarFiftyCents" classname="com.mycompany.app.AppTest" time="0"/>
  <testcase name="roundTax_BottlePerfume_ReturnsOneDollarNinetyCents" classname="com.mycompany.app.AppTest" time="0"/>
  <testcase name="roundTax_ImportedBoxChocolates_ReturnsSixtyCents" classname="com.mycompany.app.AppTest" time="0"/>
  <testcase name="roundTax_Book_ReturnsZero" classname="com.mycompany.app.AppTest" time="0.001"/>
</testsuite>